c:\users\nikul\source\repos\example\debug\vc142.pdb
c:\users\nikul\source\repos\example\debug\.netframework,version=v4.6.1.assemblyattributes.obj
c:\users\nikul\source\repos\example\debug\myform1.obj
c:\users\nikul\source\repos\example\debug\myform.obj
c:\users\nikul\source\repos\example\debug\main.obj
c:\users\nikul\source\repos\example\debug\access.obj
c:\users\nikul\source\repos\example\debug\student.obj
c:\users\nikul\source\repos\example\debug\deletestudent.obj
c:\users\nikul\source\repos\example\debug\correctstudent.obj
c:\users\nikul\source\repos\example\debug\addstudent.obj
c:\users\nikul\source\repos\example\debug\example.access.resources
c:\users\nikul\source\repos\example\debug\example.myform1.resources
c:\users\nikul\source\repos\example\debug\example.student.resources
c:\users\nikul\source\repos\example\debug\example.addstudent.resources
c:\users\nikul\source\repos\example\debug\example.correctstudent.resources
c:\users\nikul\source\repos\example\debug\example.deletestudent.resources
c:\users\nikul\source\repos\example\debug\example.exe
c:\users\nikul\source\repos\example\debug\example.pdb
c:\users\nikul\source\repos\example\debug\example.exe.metagen
c:\users\nikul\source\repos\example\debug\example.tlog\cl.command.1.tlog
c:\users\nikul\source\repos\example\debug\example.tlog\cl.read.1.tlog
c:\users\nikul\source\repos\example\debug\example.tlog\cl.write.1.tlog
c:\users\nikul\source\repos\example\debug\example.tlog\example.write.1u.tlog
c:\users\nikul\source\repos\example\debug\example.tlog\link.command.1.tlog
c:\users\nikul\source\repos\example\debug\example.tlog\link.read.1.tlog
c:\users\nikul\source\repos\example\debug\example.tlog\link.write.1.tlog
c:\users\nikul\source\repos\example\debug\example.tlog\metagen.read.1.tlog
c:\users\nikul\source\repos\example\debug\example.tlog\metagen.write.1.tlog
